15:50:21 **** Incremental Build of configuration Debug for project HershLibProj ****
make all 
make: Nothing to be done for `all'.
15:50:25 **** Incremental Build of configuration Debug for project HershLibProj ****
make all 
make: Nothing to be done for `all'.
15:50:32 **** Incremental Build of configuration Debug for project HershLibProj ****
make all 
Building file: ../src/test.c
Invoking: GCC C Compiler
gcc -O0 -g3 -Wall -c -fmessage-length=0 -MMD -MP -MF"src/test.d" -MT"src/test.d" -o "src/test.o" "../src/test.c"
Finished building: ../src/test.c
 
Building target: HershLibProj
Invoking: MacOS X C Linker
gcc  -o "HershLibProj"  ./src/libhersh.o ./src/test.o   
Finished building target: HershLibProj
 
15:50:53 **** Incremental Build of configuration Debug for project HershLibProj ****
make all 
Building file: ../src/test.c
Invoking: GCC C Compiler
gcc -O0 -g3 -Wall -c -fmessage-length=0 -MMD -MP -MF"src/test.d" -MT"src/test.d" -o "src/test.o" "../src/test.c"
Finished building: ../src/test.c
 
Building target: HershLibProj
Invoking: MacOS X C Linker
gcc  -o "HershLibProj"  ./src/libhersh.o ./src/test.o   
Finished building target: HershLibProj
 
15:52:14 **** Incremental Build of configuration Debug for project HershLibProj ****
make all 
Building file: ../src/test.c
Invoking: GCC C Compiler
gcc -O0 -g3 -Wall -c -fmessage-length=0 -MMD -MP -MF"src/test.d" -MT"src/test.d" -o "src/test.o" "../src/test.c"
Finished building: ../src/test.c
 
Building target: HershLibProj
Invoking: MacOS X C Linker
gcc  -o "HershLibProj"  ./src/libhersh.o ./src/test.o   
Undefined symbols for architecture x86_64:
  "_main", referenced from:
     implicit entry/start for main executable
ld: symbol(s) not found for architecture x86_64
clang: error: linker command failed with exit code 1 (use -v to see invocation)
make: *** [HershLibProj] Error 1
15:52:33 **** Incremental Build of configuration Debug for project HershLibProj ****
make all 
Building target: HershLibProj
Invoking: MacOS X C Linker
gcc  -o "HershLibProj"  ./src/libhersh.o ./src/test.o   
Undefined symbols for architecture x86_64:
  "_main", referenced from:
     implicit entry/start for main executable
ld: symbol(s) not found for architecture x86_64
clang: error: linker command failed with exit code 1 (use -v to see invocation)
make: *** [HershLibProj] Error 1
15:52:58 **** Incremental Build of configuration Debug for project HershLibProj ****
make all 
Building target: HershLibProj
Invoking: MacOS X C Linker
gcc  -o "HershLibProj"  ./src/libhersh.o ./src/test.o   
Undefined symbols for architecture x86_64:
  "_main", referenced from:
     implicit entry/start for main executable
ld: symbol(s) not found for architecture x86_64
clang: error: linker command failed with exit code 1 (use -v to see invocation)
make: *** [HershLibProj] Error 1
15:53:12 **** Incremental Build of configuration Debug for project HershLibProj ****
make all 
Building file: ../src/test.c
Invoking: GCC C Compiler
gcc -O0 -g3 -Wall -c -fmessage-length=0 -MMD -MP -MF"src/test.d" -MT"src/test.d" -o "src/test.o" "../src/test.c"
Finished building: ../src/test.c
 
Building target: HershLibProj
Invoking: MacOS X C Linker
gcc  -o "HershLibProj"  ./src/libhersh.o ./src/test.o   
Finished building target: HershLibProj
 
15:53:23 **** Incremental Build of configuration Debug for project HershLibProj ****
make all 
Building file: ../src/test.c
Invoking: GCC C Compiler
gcc -O0 -g3 -Wall -c -fmessage-length=0 -MMD -MP -MF"src/test.d" -MT"src/test.d" -o "src/test.o" "../src/test.c"
Finished building: ../src/test.c
 
Building target: HershLibProj
Invoking: MacOS X C Linker
gcc  -o "HershLibProj"  ./src/libhersh.o ./src/test.o   
Finished building target: HershLibProj
 
15:53:49 **** Incremental Build of configuration Debug for project HershLibProj ****
make all 
make: Nothing to be done for `all'.
15:53:51 **** Incremental Build of configuration Debug for project HershLibProj ****
make all 
make: Nothing to be done for `all'.
15:54:04 **** Clean-only build of configuration Debug for project HershLibProj ****
make clean 
rm -rf  ./src/libhersh.o ./src/test.o  ./src/libhersh.d ./src/test.d  HershLibProj
 
15:54:23 **** Build of configuration Debug for project HershLibProj ****
make all 
Building file: ../src/libhersh.c
Invoking: GCC C Compiler
gcc -O0 -g3 -Wall -c -fmessage-length=0 -MMD -MP -MF"src/libhersh.d" -MT"src/libhersh.d" -o "src/libhersh.o" "../src/libhersh.c"
Finished building: ../src/libhersh.c
 
Building file: ../src/test.c
Invoking: GCC C Compiler
gcc -O0 -g3 -Wall -c -fmessage-length=0 -MMD -MP -MF"src/test.d" -MT"src/test.d" -o "src/test.o" "../src/test.c"
Finished building: ../src/test.c
 
Building target: HershLibProj
Invoking: MacOS X C Linker
gcc  -o "HershLibProj"  ./src/libhersh.o ./src/test.o   
Finished building target: HershLibProj
 
15:54:40 **** Incremental Build of configuration Debug for project HershLibProj ****
make all 
make: Nothing to be done for `all'.
15:54:40 **** Build of configuration Debug for project cppwrapping ****
make all 
Building file: ../src/cppwrapping.cpp
Invoking: GCC C++ Compiler
g++ -O0 -g3 -Wall -c -fmessage-length=0 -MMD -MP -MF"src/cppwrapping.d" -MT"src/cppwrapping.d" -o "src/cppwrapping.o" "../src/cppwrapping.cpp"
Finished building: ../src/cppwrapping.cpp
 
Building target: cppwrapping
Invoking: MacOS X C++ Linker
g++  -o "cppwrapping"  ./src/cppwrapping.o   
Finished building target: cppwrapping
 
15:54:45 **** Incremental Build of configuration Debug for project cppwrapping ****
make all 
make: Nothing to be done for `all'.
15:57:12 **** Incremental Build of configuration Debug for project cppwrapping ****
make all 
Building file: ../src/cppwrapping.cpp
Invoking: GCC C++ Compiler
g++ -O0 -g3 -Wall -c -fmessage-length=0 -MMD -MP -MF"src/cppwrapping.d" -MT"src/cppwrapping.d" -o "src/cppwrapping.o" "../src/cppwrapping.cpp"
../src/cppwrapping.cpp:18:20: warning: conversion from string literal to 'char *' is deprecated [-Wc++11-compat-deprecated-writable-strings]
        cout << getString("Hello World again!");
                          ^
1 warning generated.
Finished building: ../src/cppwrapping.cpp
 
Building file: ../src/libhersh.c
Invoking: GCC C Compiler
gcc -O0 -g3 -Wall -c -fmessage-length=0 -MMD -MP -MF"src/libhersh.d" -MT"src/libhersh.d" -o "src/libhersh.o" "../src/libhersh.c"
Finished building: ../src/libhersh.c
 
Building target: cppwrapping
Invoking: MacOS X C++ Linker
g++  -o "cppwrapping"  ./src/cppwrapping.o ./src/libhersh.o   
Undefined symbols for architecture x86_64:
  "addNum(int, int)", referenced from:
      _main in cppwrapping.o
  "getString(char*)", referenced from:
      _main in cppwrapping.o
ld: symbol(s) not found for architecture x86_64
clang: error: linker command failed with exit code 1 (use -v to see invocation)
make: *** [cppwrapping] Error 1
15:57:36 **** Incremental Build of configuration Debug for project cppwrapping ****
make all 
Building file: ../src/cppwrapping.cpp
Invoking: GCC C++ Compiler
g++ -O0 -g3 -Wall -c -fmessage-length=0 -MMD -MP -MF"src/cppwrapping.d" -MT"src/cppwrapping.d" -o "src/cppwrapping.o" "../src/cppwrapping.cpp"
../src/cppwrapping.cpp:20:20: warning: conversion from string literal to 'char *' is deprecated [-Wc++11-compat-deprecated-writable-strings]
        cout << getString("Hello World again!");
                          ^
1 warning generated.
Finished building: ../src/cppwrapping.cpp
 
Building target: cppwrapping
Invoking: MacOS X C++ Linker
g++  -o "cppwrapping"  ./src/cppwrapping.o ./src/libhersh.o   
Finished building target: cppwrapping
 
15:57:40 **** Incremental Build of configuration Debug for project cppwrapping ****
make all 
make: Nothing to be done for `all'.
15:59:26 **** Incremental Build of configuration Debug for project cppwrapping ****
make all 
Building file: ../src/cppwrapping.cpp
Invoking: GCC C++ Compiler
g++ -O0 -g3 -Wall -c -fmessage-length=0 -MMD -MP -MF"src/cppwrapping.d" -MT"src/cppwrapping.d" -o "src/cppwrapping.o" "../src/cppwrapping.cpp"
../src/cppwrapping.cpp:21:20: warning: conversion from string literal to 'char *' is deprecated [-Wc++11-compat-deprecated-writable-strings]
        cout << getString("Hello World again!");
                          ^
1 warning generated.
Finished building: ../src/cppwrapping.cpp
 
Building target: cppwrapping
Invoking: MacOS X C++ Linker
g++  -o "cppwrapping"  ./src/cppwrapping.o ./src/libhersh.o   
Finished building target: cppwrapping
 
15:59:34 **** Incremental Build of configuration Debug for project cppwrapping ****
make all 
make: Nothing to be done for `all'.
15:59:48 **** Incremental Build of configuration Debug for project cppwrapping ****
make all 
Building file: ../src/cppwrapping.cpp
Invoking: GCC C++ Compiler
g++ -O0 -g3 -Wall -c -fmessage-length=0 -MMD -MP -MF"src/cppwrapping.d" -MT"src/cppwrapping.d" -o "src/cppwrapping.o" "../src/cppwrapping.cpp"
../src/cppwrapping.cpp:21:20: warning: conversion from string literal to 'char *' is deprecated [-Wc++11-compat-deprecated-writable-strings]
        cout << getString("Hello World again!");
                          ^
1 warning generated.
Finished building: ../src/cppwrapping.cpp
 
Building target: cppwrapping
Invoking: MacOS X C++ Linker
g++  -o "cppwrapping"  ./src/cppwrapping.o ./src/libhersh.o   
Finished building target: cppwrapping
 
16:00:11 **** Incremental Build of configuration Debug for project cppwrapping ****
make all 
Building file: ../src/cppwrapping.cpp
Invoking: GCC C++ Compiler
g++ -O0 -g3 -Wall -c -fmessage-length=0 -MMD -MP -MF"src/cppwrapping.d" -MT"src/cppwrapping.d" -o "src/cppwrapping.o" "../src/cppwrapping.cpp"
../src/cppwrapping.cpp:20:20: warning: conversion from string literal to 'char *' is deprecated [-Wc++11-compat-deprecated-writable-strings]
        cout << getString("Hello World again!");
                          ^
1 warning generated.
Finished building: ../src/cppwrapping.cpp
 
Building target: cppwrapping
Invoking: MacOS X C++ Linker
g++  -o "cppwrapping"  ./src/cppwrapping.o ./src/libhersh.o   
Finished building target: cppwrapping
 
16:00:44 **** Incremental Build of configuration Debug for project cppwrapping ****
make all 
Building file: ../src/cppwrapping.cpp
Invoking: GCC C++ Compiler
g++ -O0 -g3 -Wall -c -fmessage-length=0 -MMD -MP -MF"src/cppwrapping.d" -MT"src/cppwrapping.d" -o "src/cppwrapping.o" "../src/cppwrapping.cpp"
../src/cppwrapping.cpp:21:20: warning: conversion from string literal to 'char *' is deprecated [-Wc++11-compat-deprecated-writable-strings]
        cout << getString("Hello World again!");
                          ^
1 warning generated.
Finished building: ../src/cppwrapping.cpp
 
Building target: cppwrapping
Invoking: MacOS X C++ Linker
g++  -o "cppwrapping"  ./src/cppwrapping.o ./src/libhersh.o   
Finished building target: cppwrapping
 
16:01:43 **** Incremental Build of configuration Debug for project cppwrapping ****
make all 
Building file: ../src/cppwrapping.cpp
Invoking: GCC C++ Compiler
g++ -O0 -g3 -Wall -c -fmessage-length=0 -MMD -MP -MF"src/cppwrapping.d" -MT"src/cppwrapping.d" -o "src/cppwrapping.o" "../src/cppwrapping.cpp"
../src/cppwrapping.cpp:21:20: warning: conversion from string literal to 'char *' is deprecated [-Wc++11-compat-deprecated-writable-strings]
        cout << getString("Hello World again!");
                          ^
1 warning generated.
Finished building: ../src/cppwrapping.cpp
 
Building target: cppwrapping
Invoking: MacOS X C++ Linker
g++  -o "cppwrapping"  ./src/cppwrapping.o ./src/libhersh.o   
Finished building target: cppwrapping
 
16:02:15 **** Incremental Build of configuration Debug for project cppwrapping ****
make all 
Building file: ../src/cppwrapping.cpp
Invoking: GCC C++ Compiler
g++ -O0 -g3 -Wall -c -fmessage-length=0 -MMD -MP -MF"src/cppwrapping.d" -MT"src/cppwrapping.d" -o "src/cppwrapping.o" "../src/cppwrapping.cpp"
../src/cppwrapping.cpp:21:20: warning: conversion from string literal to 'char *' is deprecated [-Wc++11-compat-deprecated-writable-strings]
        cout << getString("Hello World again!");
                          ^
1 warning generated.
Finished building: ../src/cppwrapping.cpp
 
Building file: ../src/libhersh.c
Invoking: GCC C Compiler
gcc -O0 -g3 -Wall -c -fmessage-length=0 -MMD -MP -MF"src/libhersh.d" -MT"src/libhersh.d" -o "src/libhersh.o" "../src/libhersh.c"
Finished building: ../src/libhersh.c
 
Building target: cppwrapping
Invoking: MacOS X C++ Linker
g++  -o "cppwrapping"  ./src/cppwrapping.o ./src/libhersh.o   
Finished building target: cppwrapping
 
16:02:19 **** Incremental Build of configuration Debug for project cppwrapping ****
make all 
make: Nothing to be done for `all'.
16:02:26 **** Incremental Build of configuration Debug for project cppwrapping ****
make all 
Building file: ../src/cppwrapping.cpp
Invoking: GCC C++ Compiler
g++ -O0 -g3 -Wall -c -fmessage-length=0 -MMD -MP -MF"src/cppwrapping.d" -MT"src/cppwrapping.d" -o "src/cppwrapping.o" "../src/cppwrapping.cpp"
../src/cppwrapping.cpp:21:20: warning: conversion from string literal to 'char *' is deprecated [-Wc++11-compat-deprecated-writable-strings]
        cout << getString("Hello World again!");
                          ^
1 warning generated.
Finished building: ../src/cppwrapping.cpp
 
Building target: cppwrapping
Invoking: MacOS X C++ Linker
g++  -o "cppwrapping"  ./src/cppwrapping.o ./src/libhersh.o   
Finished building target: cppwrapping
 
16:03:35 **** Incremental Build of configuration Debug for project cppwrapping ****
make all 
Building file: ../src/cppwrapping.cpp
Invoking: GCC C++ Compiler
g++ -O0 -g3 -Wall -c -fmessage-length=0 -MMD -MP -MF"src/cppwrapping.d" -MT"src/cppwrapping.d" -o "src/cppwrapping.o" "../src/cppwrapping.cpp"
../src/cppwrapping.cpp:22:20: warning: conversion from string literal to 'char *' is deprecated [-Wc++11-compat-deprecated-writable-strings]
        cout << getString("Hello World again!");
                          ^
1 warning generated.
Finished building: ../src/cppwrapping.cpp
 
Building file: ../src/libhersh.c
Invoking: GCC C Compiler
gcc -O0 -g3 -Wall -c -fmessage-length=0 -MMD -MP -MF"src/libhersh.d" -MT"src/libhersh.d" -o "src/libhersh.o" "../src/libhersh.c"
Finished building: ../src/libhersh.c
 
Building target: cppwrapping
Invoking: MacOS X C++ Linker
g++  -o "cppwrapping"  ./src/cppwrapping.o ./src/libhersh.o   
Finished building target: cppwrapping
 
16:03:39 **** Incremental Build of configuration Debug for project cppwrapping ****
make all 
make: Nothing to be done for `all'.
16:04:04 **** Incremental Build of configuration Debug for project cppwrapping ****
make all 
Building file: ../src/libhersh.c
Invoking: GCC C Compiler
gcc -O0 -g3 -Wall -c -fmessage-length=0 -MMD -MP -MF"src/libhersh.d" -MT"src/libhersh.d" -o "src/libhersh.o" "../src/libhersh.c"
Finished building: ../src/libhersh.c
 
Building target: cppwrapping
Invoking: MacOS X C++ Linker
g++  -o "cppwrapping"  ./src/cppwrapping.o ./src/libhersh.o   
Finished building target: cppwrapping
 
16:04:13 **** Incremental Build of configuration Debug for project cppwrapping ****
make all 
Building file: ../src/libhersh.c
Invoking: GCC C Compiler
gcc -O0 -g3 -Wall -c -fmessage-length=0 -MMD -MP -MF"src/libhersh.d" -MT"src/libhersh.d" -o "src/libhersh.o" "../src/libhersh.c"
Finished building: ../src/libhersh.c
 
Building target: cppwrapping
Invoking: MacOS X C++ Linker
g++  -o "cppwrapping"  ./src/cppwrapping.o ./src/libhersh.o   
Finished building target: cppwrapping
 
